<?xml version="1.0" encoding="UTF-8"?>
<!-- Generated by org.testng.reporters.JUnitReportReporter -->
<testsuite hostname="Crystal-PC" failures="0" tests="1" name="org.testing.TestScripts.Switch" time="12.945" errors="0" timestamp="2021-07-04T13:32:52 IST" skipped="0">
  <testcase classname="org.testing.TestScripts.Switch" name="clickOnTrending" time="12.945"/>
  <system-out/>
</testsuite> <!-- org.testing.TestScripts.Switch -->
