<?xml version="1.0" encoding="UTF-8"?>
<!-- Generated by org.testng.reporters.JUnitReportReporter -->
<testsuite hostname="Crystal-PC" failures="0" tests="1" name="org.testing.TestScripts.TC1" time="46.472" errors="0" timestamp="2021-06-26T11:49:26 IST" skipped="0">
  <testcase classname="org.testing.TestScripts.TC1" name="clickOnTrending" time="46.472"/>
  <system-out/>
</testsuite> <!-- org.testing.TestScripts.TC1 -->
