<?xml version="1.0" encoding="UTF-8"?>
<!-- Generated by org.testng.reporters.JUnitReportReporter -->
<testsuite hostname="Crystal-PC" failures="0" tests="1" name="org.testing.TestScripts.TC5" time="56.139" errors="0" timestamp="2021-06-21T17:06:12 IST" skipped="0">
  <testcase classname="org.testing.TestScripts.TC5" name="clickOnChannelSubs" time="56.139"/>
  <system-out/>
</testsuite> <!-- org.testing.TestScripts.TC5 -->
