<?xml version="1.0" encoding="UTF-8"?>
<!-- Generated by org.testng.reporters.JUnitReportReporter -->
<testsuite hostname="Crystal-PC" failures="0" tests="1" name="org.testing.TestScripts.TC8" time="50.626" errors="0" timestamp="2021-06-09T13:15:39 IST" skipped="0">
  <testcase classname="org.testing.TestScripts.TC8" name="clickOnLibrary" time="50.626"/>
  <system-out/>
</testsuite> <!-- org.testing.TestScripts.TC8 -->
