<?xml version="1.0" encoding="UTF-8"?>
<!-- Generated by org.testng.reporters.JUnitReportReporter -->
<testsuite hostname="Crystal-PC" failures="0" tests="1" name="org.testing.TestScripts.TC7" time="64.931" errors="0" timestamp="2021-06-21T17:06:12 IST" skipped="0">
  <testcase classname="org.testing.TestScripts.TC7" name="watchLater" time="64.931"/>
  <system-out/>
</testsuite> <!-- org.testing.TestScripts.TC7 -->
