<?xml version="1.0" encoding="UTF-8"?>
<!-- Generated by org.testng.reporters.JUnitReportReporter -->
<testsuite hostname="Crystal-PC" failures="0" tests="2" name="org.testing.TestScripts.Annotation" time="0.019" errors="0" timestamp="2021-06-25T12:35:30 IST" skipped="0">
  <testcase classname="org.testing.TestScripts.Annotation" name="m2" time="0.015"/>
  <system-out/>
  <testcase classname="org.testing.TestScripts.Annotation" name="m3" time="0.004"/>
  <system-out/>
</testsuite> <!-- org.testing.TestScripts.Annotation -->
