<?xml version="1.0" encoding="UTF-8"?>
<!-- Generated by org.testng.reporters.JUnitReportReporter -->
<testsuite hostname="Crystal-PC" failures="0" tests="1" name="com.qa.PracticeCode.PracticeClass" time="32.535" errors="0" timestamp="2021-06-12T09:36:11 IST" skipped="0">
  <testcase classname="com.qa.PracticeCode.PracticeClass" name="practice" time="32.535"/>
  <system-out/>
</testsuite> <!-- com.qa.PracticeCode.PracticeClass -->
