<?xml version="1.0" encoding="UTF-8"?>
<!-- Generated by org.testng.reporters.JUnitReportReporter -->
<testsuite hostname="Crystal-PC" failures="0" tests="1" name="JPetSignUpPageTest" time="34.463" errors="0" timestamp="2021-06-01T14:11:57 IST" skipped="0">
  <testcase classname="JPetSignUpPageTest" name="signUpFormTest" time="34.463"/>
  <system-out/>
</testsuite> <!-- JPetSignUpPageTest -->
