<?xml version="1.0" encoding="UTF-8"?>
<!-- Generated by org.testng.reporters.JUnitReportReporter -->
<testsuite hostname="Crystal-PC" failures="0" tests="1" name="com.qa.PracticeCode.SwitchWindows" time="48.462" errors="0" timestamp="2021-07-04T10:41:38 IST" skipped="0">
  <testcase classname="com.qa.PracticeCode.SwitchWindows" name="practice" time="48.462"/>
  <system-out/>
</testsuite> <!-- com.qa.PracticeCode.SwitchWindows -->
