<?xml version="1.0" encoding="UTF-8"?>
<!-- Generated by org.testng.reporters.JUnitReportReporter -->
<testsuite ignored="0" hostname="Crystal-PC" failures="0" tests="1" name="com.JSON.POJOClasses.GetRequestJSON" time="2.602" errors="0" timestamp="24 May 2021 11:10:27 GMT" skipped="0">
  <testcase classname="com.JSON.POJOClasses.GetRequestJSON" name="getRequest" time="2.602"/>
</testsuite> <!-- com.JSON.POJOClasses.GetRequestJSON -->
