<?xml version="1.0" encoding="UTF-8"?>
<!-- Generated by org.testng.reporters.JUnitReportReporter -->
<testsuite ignored="0" hostname="Crystal-PC" failures="0" tests="1" name="APIAutoation.API_Automation.PostDemo" time="5.282" errors="0" timestamp="03 Jun 2021 06:35:41 GMT" skipped="0">
  <testcase classname="APIAutoation.API_Automation.PostDemo" name="postData" time="5.282"/>
</testsuite> <!-- APIAutoation.API_Automation.PostDemo -->
