<?xml version="1.0" encoding="UTF-8"?>
<!-- Generated by org.testng.reporters.JUnitReportReporter -->
<testsuite ignored="0" hostname="Crystal-PC" failures="0" tests="1" name="com.JSON.ORG.GetRequestJSON" time="4.512" errors="0" timestamp="03 Jun 2021 06:02:21 GMT" skipped="0">
  <testcase classname="com.JSON.ORG.GetRequestJSON" name="getRequest" time="4.512"/>
</testsuite> <!-- com.JSON.ORG.GetRequestJSON -->
