<?xml version="1.0" encoding="UTF-8"?>
<!-- Generated by org.testng.reporters.JUnitReportReporter -->
<testsuite ignored="1" hostname="Crystal-PC" failures="0" tests="1" name="com.JSON.POJOClasses.PostRequestJSON" time="4.845" errors="0" timestamp="23 May 2021 17:25:43 GMT" skipped="0">
  <testcase classname="com.JSON.POJOClasses.PostRequestJSON" name="postRequest" time="4.845"/>
  <testcase classname="com.JSON.POJOClasses.PostRequestJSON" name="getRequest">
    <skipped/>
  </testcase> <!-- getRequest -->
</testsuite> <!-- com.JSON.POJOClasses.PostRequestJSON -->
