<?xml version="1.0" encoding="UTF-8"?>
<!-- Generated by org.testng.reporters.JUnitReportReporter -->
<testsuite ignored="4" hostname="Crystal-PC" failures="0" tests="1" name="APIAutoation.API_Automation.APIAutomationTestingTest" time="2.690" errors="0" timestamp="13 Jun 2021 13:56:31 GMT" skipped="0">
  <testcase classname="APIAutoation.API_Automation.APIAutomationTestingTest" name="verifyGetRequest" time="2.690"/>
  <testcase classname="APIAutoation.API_Automation.APIAutomationTestingTest" name="verifyDeleteRequestTest">
    <skipped/>
  </testcase> <!-- verifyDeleteRequestTest -->
  <testcase classname="APIAutoation.API_Automation.APIAutomationTestingTest" name="verifyPutRequest">
    <skipped/>
  </testcase> <!-- verifyPutRequest -->
  <testcase classname="APIAutoation.API_Automation.APIAutomationTestingTest" name="verifyPostRequest">
    <skipped/>
  </testcase> <!-- verifyPostRequest -->
  <testcase classname="APIAutoation.API_Automation.APIAutomationTestingTest" name="verifyGetRequestById">
    <skipped/>
  </testcase> <!-- verifyGetRequestById -->
</testsuite> <!-- APIAutoation.API_Automation.APIAutomationTestingTest -->
