<?xml version="1.0" encoding="UTF-8"?>
<!-- Generated by org.testng.reporters.JUnitReportReporter -->
<testsuite ignored="0" hostname="Crystal-PC" failures="0" tests="1" name="com.JSON.POJOClasses.PostRequestJSON" time="3.150" errors="0" timestamp="17 May 2021 05:58:01 GMT" skipped="0">
  <testcase classname="com.JSON.POJOClasses.PostRequestJSON" name="postRequest" time="3.150"/>
</testsuite> <!-- com.JSON.POJOClasses.PostRequestJSON -->
